<?xml version="1.0" encoding="UTF-8"?>
<!-- Generated by org.testng.reporters.JUnitReportReporter -->
<testsuite skipped="0" hostname="LTIN424763" name="Tst.Testing1" tests="9" failures="1" timestamp="2023-05-03T09:15:54 IST" time="158.579" errors="0">
  <testcase name="site" time="16.086" classname="Tst.Testing1"/>
  <system-out/>
  <testcase name="site" time="21.223" classname="Tst.Testing1"/>
  <system-out/>
  <testcase name="site" time="24.423" classname="Tst.Testing1">
    <failure type="java.lang.AssertionError" message="expected [false] but found [true]">
      <![CDATA[java.lang.AssertionError: expected [false] but found [true]
at org.testng.Assert.fail(Assert.java:97)
at org.testng.Assert.failNotEquals(Assert.java:969)
at org.testng.Assert.assertFalse(Assert.java:65)
at org.testng.Assert.assertFalse(Assert.java:75)
at Tst.Testing1.site(Testing1.java:46)
at sun.reflect.NativeMethodAccessorImpl.invoke0(Native Method)
at sun.reflect.NativeMethodAccessorImpl.invoke(NativeMethodAccessorImpl.java:62)
at sun.reflect.DelegatingMethodAccessorImpl.invoke(DelegatingMethodAccessorImpl.java:43)
at java.lang.reflect.Method.invoke(Method.java:498)
at org.testng.internal.MethodInvocationHelper.invokeMethod(MethodInvocationHelper.java:134)
at org.testng.internal.TestInvoker.invokeMethod(TestInvoker.java:597)
at org.testng.internal.TestInvoker.invokeTestMethod(TestInvoker.java:173)
at org.testng.internal.MethodRunner.runInSequence(MethodRunner.java:46)
at org.testng.internal.TestInvoker$MethodInvocationAgent.invoke(TestInvoker.java:816)
at org.testng.internal.TestInvoker.invokeTestMethods(TestInvoker.java:146)
at org.testng.internal.TestMethodWorker.invokeTestMethods(TestMethodWorker.java:146)
at org.testng.internal.TestMethodWorker.run(TestMethodWorker.java:128)
at java.util.concurrent.ThreadPoolExecutor.runWorker(ThreadPoolExecutor.java:1149)
at java.util.concurrent.ThreadPoolExecutor$Worker.run(ThreadPoolExecutor.java:624)
at java.lang.Thread.run(Thread.java:748)
]]>
    </failure>
  </testcase> <!-- site -->
  <system-out/>
  <testcase name="site" time="17.266" classname="Tst.Testing1"/>
  <system-out/>
  <testcase name="site" time="15.188" classname="Tst.Testing1"/>
  <system-out/>
  <testcase name="site" time="17.287" classname="Tst.Testing1"/>
  <system-out/>
  <testcase name="site" time="15.827" classname="Tst.Testing1"/>
  <system-out/>
  <testcase name="site" time="16.036" classname="Tst.Testing1"/>
  <system-out/>
  <testcase name="site" time="15.243" classname="Tst.Testing1"/>
  <system-out/>
</testsuite> <!-- Tst.Testing1 -->
