<?xml version="1.0" encoding="UTF-8"?>
<!-- Generated by org.testng.reporters.JUnitReportReporter -->
<testsuite skipped="0" hostname="LTIN424763" name="Tst.TestingTruck" tests="9" failures="1" timestamp="2023-06-27T12:29:17 IST" time="212.180" errors="0">
  <testcase name="siteTruck" time="53.476" classname="Tst.TestingTruck">
    <failure type="java.lang.AssertionError" message="The following asserts failed:
	Test Failed due to display of message for valid e-mail id expected [false] but found [true]">
      <![CDATA[java.lang.AssertionError: The following asserts failed:
Test Failed due to display of message for valid e-mail id expected [false] but found [true]
at org.testng.asserts.SoftAssert.assertAll(SoftAssert.java:47)
at org.testng.asserts.SoftAssert.assertAll(SoftAssert.java:31)
at Tst.TestingTruck.siteTruck(TestingTruck.java:60)
at sun.reflect.NativeMethodAccessorImpl.invoke0(Native Method)
at sun.reflect.NativeMethodAccessorImpl.invoke(NativeMethodAccessorImpl.java:62)
at sun.reflect.DelegatingMethodAccessorImpl.invoke(DelegatingMethodAccessorImpl.java:43)
at java.lang.reflect.Method.invoke(Method.java:498)
at org.testng.internal.MethodInvocationHelper.invokeMethod(MethodInvocationHelper.java:134)
at org.testng.internal.TestInvoker.invokeMethod(TestInvoker.java:597)
at org.testng.internal.TestInvoker.invokeTestMethod(TestInvoker.java:173)
at org.testng.internal.MethodRunner.runInSequence(MethodRunner.java:46)
at org.testng.internal.TestInvoker$MethodInvocationAgent.invoke(TestInvoker.java:816)
at org.testng.internal.TestInvoker.invokeTestMethods(TestInvoker.java:146)
at org.testng.internal.TestMethodWorker.invokeTestMethods(TestMethodWorker.java:146)
at org.testng.internal.TestMethodWorker.run(TestMethodWorker.java:128)
at java.util.concurrent.ThreadPoolExecutor.runWorker(ThreadPoolExecutor.java:1149)
at java.util.concurrent.ThreadPoolExecutor$Worker.run(ThreadPoolExecutor.java:624)
at java.lang.Thread.run(Thread.java:748)
]]>
    </failure>
  </testcase> <!-- siteTruck -->
  <system-out/>
  <testcase name="siteTruck" time="19.028" classname="Tst.TestingTruck"/>
  <system-out/>
  <testcase name="siteTruck" time="19.767" classname="Tst.TestingTruck"/>
  <system-out/>
  <testcase name="siteTruck" time="19.820" classname="Tst.TestingTruck"/>
  <system-out/>
  <testcase name="siteTruck" time="19.641" classname="Tst.TestingTruck"/>
  <system-out/>
  <testcase name="siteTruck" time="20.446" classname="Tst.TestingTruck"/>
  <system-out/>
  <testcase name="siteTruck" time="19.017" classname="Tst.TestingTruck"/>
  <system-out/>
  <testcase name="siteTruck" time="22.033" classname="Tst.TestingTruck"/>
  <system-out/>
  <testcase name="siteTruck" time="18.952" classname="Tst.TestingTruck"/>
  <system-out/>
</testsuite> <!-- Tst.TestingTruck -->
